cl : command line  warning D9025: overriding '/openmp' with '/openmp:llvm'
  dijkstra.cpp
D:\Homeworks\MPI\MPI\OpenMP\dijkstra.cpp(58,43): warning C4244: '=': conversion from '__int64' to '_Ty', possible loss of data
D:\Homeworks\MPI\MPI\OpenMP\dijkstra.cpp(58,43): warning C4244:         with
D:\Homeworks\MPI\MPI\OpenMP\dijkstra.cpp(58,43): warning C4244:         [
D:\Homeworks\MPI\MPI\OpenMP\dijkstra.cpp(58,43): warning C4244:             _Ty=int
D:\Homeworks\MPI\MPI\OpenMP\dijkstra.cpp(58,43): warning C4244:         ]
D:\Homeworks\MPI\MPI\OpenMP\dijkstra.cpp(69,33): warning C4244: 'argument': conversion from '__int64' to '_Ty', possible loss of data
D:\Homeworks\MPI\MPI\OpenMP\dijkstra.cpp(69,33): warning C4244:         with
D:\Homeworks\MPI\MPI\OpenMP\dijkstra.cpp(69,33): warning C4244:         [
D:\Homeworks\MPI\MPI\OpenMP\dijkstra.cpp(69,33): warning C4244:             _Ty=int
D:\Homeworks\MPI\MPI\OpenMP\dijkstra.cpp(69,33): warning C4244:         ]
D:\Homeworks\MPI\MPI\OpenMP\dijkstra.cpp(89,25): warning C4244: 'argument': conversion from '__int64' to 'const int', possible loss of data
  map.cpp
  OpenMP.cpp
  Generating code
  Previous IPDB not found, fall back to full compilation.
  All 581 functions were compiled because no usable IPDB/IOBJ from previous compilation was found.
  Finished generating code
  OpenMP.vcxproj -> D:\Homeworks\MPI\MPI\x64\Release\OpenMP.exe
